execve("./prog2", ["./prog2"], 0x7ffeb32a7ad0 /* 55 vars */) = 0
brk(NULL)                               = 0x560830c89000
mmap(NULL, 8192, PROT_READ|PROT_WRITE, MAP_PRIVATE|MAP_ANONYMOUS, -1, 0) = 0x7f5be9405000
access("/etc/ld.so.preload", R_OK)      = -1 ENOENT (Нет такого файла или каталога)
openat(AT_FDCWD, "/etc/ld.so.cache", O_RDONLY|O_CLOEXEC) = 3
fstat(3, {st_mode=S_IFREG|0644, st_size=122447, ...}) = 0
mmap(NULL, 122447, PROT_READ, MAP_PRIVATE, 3, 0) = 0x7f5be93e7000
close(3)                                = 0
openat(AT_FDCWD, "/lib/x86_64-linux-gnu/libc.so.6", O_RDONLY|O_CLOEXEC) = 3
read(3, "\177ELF\2\1\1\3\0\0\0\0\0\0\0\0\3\0>\0\1\0\0\0p\236\2\0\0\0\0\0"..., 832) = 832
pread64(3, "\6\0\0\0\4\0\0\0@\0\0\0\0\0\0\0@\0\0\0\0\0\0\0@\0\0\0\0\0\0\0"..., 840, 64) = 840
fstat(3, {st_mode=S_IFREG|0755, st_size=2003408, ...}) = 0
pread64(3, "\6\0\0\0\4\0\0\0@\0\0\0\0\0\0\0@\0\0\0\0\0\0\0@\0\0\0\0\0\0\0"..., 840, 64) = 840
mmap(NULL, 2055800, PROT_READ, MAP_PRIVATE|MAP_DENYWRITE, 3, 0) = 0x7f5be91f1000
mmap(0x7f5be9219000, 1462272, PROT_READ|PROT_EXEC, MAP_PRIVATE|MAP_FIXED|MAP_DENYWRITE, 3, 0x28000) = 0x7f5be9219000
mmap(0x7f5be937e000, 352256, PROT_READ, MAP_PRIVATE|MAP_FIXED|MAP_DENYWRITE, 3, 0x18d000) = 0x7f5be937e000
mmap(0x7f5be93d4000, 24576, PROT_READ|PROT_WRITE, MAP_PRIVATE|MAP_FIXED|MAP_DENYWRITE, 3, 0x1e2000) = 0x7f5be93d4000
mmap(0x7f5be93da000, 52856, PROT_READ|PROT_WRITE, MAP_PRIVATE|MAP_FIXED|MAP_ANONYMOUS, -1, 0) = 0x7f5be93da000
close(3)                                = 0
mmap(NULL, 12288, PROT_READ|PROT_WRITE, MAP_PRIVATE|MAP_ANONYMOUS, -1, 0) = 0x7f5be91ee000
arch_prctl(ARCH_SET_FS, 0x7f5be91ee740) = 0
set_tid_address(0x7f5be91eea10)         = 35658
set_robust_list(0x7f5be91eea20, 24)     = 0
rseq(0x7f5be91ee680, 0x20, 0, 0x53053053) = 0
mprotect(0x7f5be93d4000, 16384, PROT_READ) = 0
mprotect(0x56081ecaa000, 4096, PROT_READ) = 0
mprotect(0x7f5be9443000, 8192, PROT_READ) = 0
prlimit64(0, RLIMIT_STACK, NULL, {rlim_cur=8192*1024, rlim_max=RLIM64_INFINITY}) = 0
munmap(0x7f5be93e7000, 122447)          = 0
fstat(1, {st_mode=S_IFCHR|0600, st_rdev=makedev(0x88, 0x1), ...}) = 0
getrandom("\x12\x76\xc2\x5d\xb3\x5c\x24\x81", 8, GRND_NONBLOCK) = 8
brk(NULL)                               = 0x560830c89000
brk(0x560830caa000)                     = 0x560830caa000
write(1, "\320\237\321\200\320\276\320\263\321\200\320\260\320\274\320\274\320\260 \342\204\2262\n", 24) = 24
write(1, "\320\232\320\276\320\274\320\260\320\275\320\264\321\213:\n", 16) = 16
write(1, "  0            \342\200\224 \320\277\320\265\321\200\320\265\320\272\320\273\321"..., 71) = 71
write(1, "  1 a dx       \342\200\224 \320\277\321\200\320\276\320\270\320\267\320\262\320"..., 82) = 82
write(1, "  2 x          \342\200\224 \320\277\320\265\321\200\320\265\320\262\320\276\320"..., 78) = 78
write(1, "  exit         \342\200\224 \320\262\321\213\321\205\320\276\320\264\n", 30) = 30
openat(AT_FDCWD, "./libderiv1.so", O_RDONLY|O_CLOEXEC) = 3
read(3, "\177ELF\2\1\1\0\0\0\0\0\0\0\0\0\3\0>\0\1\0\0\0\0\0\0\0\0\0\0\0"..., 832) = 832
fstat(3, {st_mode=S_IFREG|0775, st_size=15296, ...}) = 0
getcwd("/home/flow/Documents/vsc/os/lab4", 128) = 33
mmap(NULL, 16408, PROT_READ, MAP_PRIVATE|MAP_DENYWRITE, 3, 0) = 0x7f5be9400000
mmap(0x7f5be9401000, 4096, PROT_READ|PROT_EXEC, MAP_PRIVATE|MAP_FIXED|MAP_DENYWRITE, 3, 0x1000) = 0x7f5be9401000
mmap(0x7f5be9402000, 4096, PROT_READ, MAP_PRIVATE|MAP_FIXED|MAP_DENYWRITE, 3, 0x2000) = 0x7f5be9402000
mmap(0x7f5be9403000, 8192, PROT_READ|PROT_WRITE, MAP_PRIVATE|MAP_FIXED|MAP_DENYWRITE, 3, 0x2000) = 0x7f5be9403000
close(3)                                = 0
openat(AT_FDCWD, "/etc/ld.so.cache", O_RDONLY|O_CLOEXEC) = 3
fstat(3, {st_mode=S_IFREG|0644, st_size=122447, ...}) = 0
mmap(NULL, 122447, PROT_READ, MAP_PRIVATE, 3, 0) = 0x7f5be91d0000
close(3)                                = 0
openat(AT_FDCWD, "/lib/x86_64-linux-gnu/libm.so.6", O_RDONLY|O_CLOEXEC) = 3
read(3, "\177ELF\2\1\1\3\0\0\0\0\0\0\0\0\3\0>\0\1\0\0\0\0\0\0\0\0\0\0\0"..., 832) = 832
fstat(3, {st_mode=S_IFREG|0644, st_size=977112, ...}) = 0
mmap(NULL, 978968, PROT_READ, MAP_PRIVATE|MAP_DENYWRITE, 3, 0) = 0x7f5be90e0000
mmap(0x7f5be90f1000, 512000, PROT_READ|PROT_EXEC, MAP_PRIVATE|MAP_FIXED|MAP_DENYWRITE, 3, 0x11000) = 0x7f5be90f1000
mmap(0x7f5be916e000, 393216, PROT_READ, MAP_PRIVATE|MAP_FIXED|MAP_DENYWRITE, 3, 0x8e000) = 0x7f5be916e000
mmap(0x7f5be91ce000, 8192, PROT_READ|PROT_WRITE, MAP_PRIVATE|MAP_FIXED|MAP_DENYWRITE, 3, 0xed000) = 0x7f5be91ce000
close(3)                                = 0
mprotect(0x7f5be91ce000, 4096, PROT_READ) = 0
mprotect(0x7f5be9403000, 4096, PROT_READ) = 0
munmap(0x7f5be91d0000, 122447)          = 0
openat(AT_FDCWD, "./libconv1.so", O_RDONLY|O_CLOEXEC) = 3
read(3, "\177ELF\2\1\1\0\0\0\0\0\0\0\0\0\3\0>\0\1\0\0\0\0\0\0\0\0\0\0\0"..., 832) = 832
fstat(3, {st_mode=S_IFREG|0775, st_size=15360, ...}) = 0
getcwd("/home/flow/Documents/vsc/os/lab4", 128) = 33
mmap(NULL, 16416, PROT_READ, MAP_PRIVATE|MAP_DENYWRITE, 3, 0) = 0x7f5be93fb000
mmap(0x7f5be93fc000, 4096, PROT_READ|PROT_EXEC, MAP_PRIVATE|MAP_FIXED|MAP_DENYWRITE, 3, 0x1000) = 0x7f5be93fc000
mmap(0x7f5be93fd000, 4096, PROT_READ, MAP_PRIVATE|MAP_FIXED|MAP_DENYWRITE, 3, 0x2000) = 0x7f5be93fd000
mmap(0x7f5be93fe000, 8192, PROT_READ|PROT_WRITE, MAP_PRIVATE|MAP_FIXED|MAP_DENYWRITE, 3, 0x2000) = 0x7f5be93fe000
close(3)                                = 0
mprotect(0x7f5be93fe000, 4096, PROT_READ) = 0
write(1, "\320\237\320\265\321\200\320\265\320\272\320\273\321\216\321\207\320\265\320\275\320\276 \320\275\320\260 \321\200\320\265"..., 54) = 54
write(1, "   cos_derivative: (f(a+dx)-f(a)"..., 37) = 37
write(1, "   convert: \320\264\320\262\320\276\320\270\321\207\320\275\320\260\321\217\n", 29) = 29
fstat(0, {st_mode=S_IFREG|0664, st_size=59, ...}) = 0
read(0, "1 0.0 0.001\n2 10\n0\n1 0.0 0.001\n2"..., 4096) = 59
write(1, "cos'(0) \320\277\321\200\320\270 dx=0.001 = -0.000"..., 66) = 66
write(1, "convert(10) = 1010 (\321\200\320\265\320\260\320\273\320\270\320\267"..., 47) = 47
munmap(0x7f5be9400000, 16408)           = 0
munmap(0x7f5be90e0000, 978968)          = 0
munmap(0x7f5be93fb000, 16416)           = 0
openat(AT_FDCWD, "./libderiv2.so", O_RDONLY|O_CLOEXEC) = 3
read(3, "\177ELF\2\1\1\0\0\0\0\0\0\0\0\0\3\0>\0\1\0\0\0\0\0\0\0\0\0\0\0"..., 832) = 832
fstat(3, {st_mode=S_IFREG|0775, st_size=15296, ...}) = 0
getcwd("/home/flow/Documents/vsc/os/lab4", 128) = 33
mmap(NULL, 16408, PROT_READ, MAP_PRIVATE|MAP_DENYWRITE, 3, 0) = 0x7f5be9400000
mmap(0x7f5be9401000, 4096, PROT_READ|PROT_EXEC, MAP_PRIVATE|MAP_FIXED|MAP_DENYWRITE, 3, 0x1000) = 0x7f5be9401000
mmap(0x7f5be9402000, 4096, PROT_READ, MAP_PRIVATE|MAP_FIXED|MAP_DENYWRITE, 3, 0x2000) = 0x7f5be9402000
mmap(0x7f5be9403000, 8192, PROT_READ|PROT_WRITE, MAP_PRIVATE|MAP_FIXED|MAP_DENYWRITE, 3, 0x2000) = 0x7f5be9403000
close(3)                                = 0
openat(AT_FDCWD, "/etc/ld.so.cache", O_RDONLY|O_CLOEXEC) = 3
fstat(3, {st_mode=S_IFREG|0644, st_size=122447, ...}) = 0
mmap(NULL, 122447, PROT_READ, MAP_PRIVATE, 3, 0) = 0x7f5be91d0000
close(3)                                = 0
openat(AT_FDCWD, "/lib/x86_64-linux-gnu/libm.so.6", O_RDONLY|O_CLOEXEC) = 3
read(3, "\177ELF\2\1\1\3\0\0\0\0\0\0\0\0\3\0>\0\1\0\0\0\0\0\0\0\0\0\0\0"..., 832) = 832
fstat(3, {st_mode=S_IFREG|0644, st_size=977112, ...}) = 0
mmap(NULL, 978968, PROT_READ, MAP_PRIVATE|MAP_DENYWRITE, 3, 0) = 0x7f5be90e0000
mmap(0x7f5be90f1000, 512000, PROT_READ|PROT_EXEC, MAP_PRIVATE|MAP_FIXED|MAP_DENYWRITE, 3, 0x11000) = 0x7f5be90f1000
mmap(0x7f5be916e000, 393216, PROT_READ, MAP_PRIVATE|MAP_FIXED|MAP_DENYWRITE, 3, 0x8e000) = 0x7f5be916e000
mmap(0x7f5be91ce000, 8192, PROT_READ|PROT_WRITE, MAP_PRIVATE|MAP_FIXED|MAP_DENYWRITE, 3, 0xed000) = 0x7f5be91ce000
close(3)                                = 0
mprotect(0x7f5be91ce000, 4096, PROT_READ) = 0
mprotect(0x7f5be9403000, 4096, PROT_READ) = 0
munmap(0x7f5be91d0000, 122447)          = 0
openat(AT_FDCWD, "./libconv2.so", O_RDONLY|O_CLOEXEC) = 3
read(3, "\177ELF\2\1\1\0\0\0\0\0\0\0\0\0\3\0>\0\1\0\0\0\0\0\0\0\0\0\0\0"..., 832) = 832
fstat(3, {st_mode=S_IFREG|0775, st_size=15360, ...}) = 0
getcwd("/home/flow/Documents/vsc/os/lab4", 128) = 33
mmap(NULL, 16416, PROT_READ, MAP_PRIVATE|MAP_DENYWRITE, 3, 0) = 0x7f5be93fb000
mmap(0x7f5be93fc000, 4096, PROT_READ|PROT_EXEC, MAP_PRIVATE|MAP_FIXED|MAP_DENYWRITE, 3, 0x1000) = 0x7f5be93fc000
mmap(0x7f5be93fd000, 4096, PROT_READ, MAP_PRIVATE|MAP_FIXED|MAP_DENYWRITE, 3, 0x2000) = 0x7f5be93fd000
mmap(0x7f5be93fe000, 8192, PROT_READ|PROT_WRITE, MAP_PRIVATE|MAP_FIXED|MAP_DENYWRITE, 3, 0x2000) = 0x7f5be93fe000
close(3)                                = 0
mprotect(0x7f5be93fe000, 4096, PROT_READ) = 0
write(1, "\320\237\320\265\321\200\320\265\320\272\320\273\321\216\321\207\320\265\320\275\320\276 \320\275\320\260 \321\200\320\265"..., 54) = 54
write(1, "   cos_derivative: (f(a+dx)-f(a-"..., 43) = 43
write(1, "   convert: \321\202\321\200\320\276\320\270\321\207\320\275\320\260\321\217\n", 29) = 29
write(1, "cos'(0) \320\277\321\200\320\270 dx=0.001 = 0.0000"..., 65) = 65
write(1, "convert(10) = 101 (\321\200\320\265\320\260\320\273\320\270\320\267\320"..., 46) = 46
write(1, "convert(-5) = -12 (\321\200\320\265\320\260\320\273\320\270\320\267\320"..., 46) = 46
write(1, "cos'(1.5708) \320\277\321\200\320\270 dx=0.01 = -0"..., 70) = 70
read(0, "", 4096)                       = 0
munmap(0x7f5be9400000, 16408)           = 0
munmap(0x7f5be90e0000, 978968)          = 0
munmap(0x7f5be93fb000, 16416)           = 0
exit_group(0)                           = ?
+++ exited with 0 +++
