execve("./main", ["./main", "output.txt"], 0x7ffc79a23498 /* 55 vars */) = 0
brk(NULL)                               = 0x55877eb98000
mmap(NULL, 8192, PROT_READ|PROT_WRITE, MAP_PRIVATE|MAP_ANONYMOUS, -1, 0) = 0x7feec3bea000
access("/etc/ld.so.preload", R_OK)      = -1 ENOENT (Нет такого файла или каталога)
openat(AT_FDCWD, "/etc/ld.so.cache", O_RDONLY|O_CLOEXEC) = 3
fstat(3, {st_mode=S_IFREG|0644, st_size=122447, ...}) = 0
mmap(NULL, 122447, PROT_READ, MAP_PRIVATE, 3, 0) = 0x7feec3bcc000
close(3)                                = 0
openat(AT_FDCWD, "/lib/x86_64-linux-gnu/libc.so.6", O_RDONLY|O_CLOEXEC) = 3
read(3, "\177ELF\2\1\1\3\0\0\0\0\0\0\0\0\3\0>\0\1\0\0\0p\236\2\0\0\0\0\0"..., 832) = 832
pread64(3, "\6\0\0\0\4\0\0\0@\0\0\0\0\0\0\0@\0\0\0\0\0\0\0@\0\0\0\0\0\0\0"..., 840, 64) = 840
fstat(3, {st_mode=S_IFREG|0755, st_size=2003408, ...}) = 0
pread64(3, "\6\0\0\0\4\0\0\0@\0\0\0\0\0\0\0@\0\0\0\0\0\0\0@\0\0\0\0\0\0\0"..., 840, 64) = 840
mmap(NULL, 2055800, PROT_READ, MAP_PRIVATE|MAP_DENYWRITE, 3, 0) = 0x7feec39d6000
mmap(0x7feec39fe000, 1462272, PROT_READ|PROT_EXEC, MAP_PRIVATE|MAP_FIXED|MAP_DENYWRITE, 3, 0x28000) = 0x7feec39fe000
mmap(0x7feec3b63000, 352256, PROT_READ, MAP_PRIVATE|MAP_FIXED|MAP_DENYWRITE, 3, 0x18d000) = 0x7feec3b63000
mmap(0x7feec3bb9000, 24576, PROT_READ|PROT_WRITE, MAP_PRIVATE|MAP_FIXED|MAP_DENYWRITE, 3, 0x1e2000) = 0x7feec3bb9000
mmap(0x7feec3bbf000, 52856, PROT_READ|PROT_WRITE, MAP_PRIVATE|MAP_FIXED|MAP_ANONYMOUS, -1, 0) = 0x7feec3bbf000
close(3)                                = 0
mmap(NULL, 12288, PROT_READ|PROT_WRITE, MAP_PRIVATE|MAP_ANONYMOUS, -1, 0) = 0x7feec39d3000
arch_prctl(ARCH_SET_FS, 0x7feec39d3740) = 0
set_tid_address(0x7feec39d3a10)         = 22670
set_robust_list(0x7feec39d3a20, 24)     = 0
rseq(0x7feec39d3680, 0x20, 0, 0x53053053) = 0
mprotect(0x7feec3bb9000, 16384, PROT_READ) = 0
mprotect(0x5587718f5000, 4096, PROT_READ) = 0
mprotect(0x7feec3c28000, 8192, PROT_READ) = 0
prlimit64(0, RLIMIT_STACK, NULL, {rlim_cur=8192*1024, rlim_max=RLIM64_INFINITY}) = 0
munmap(0x7feec3bcc000, 122447)          = 0
readlink("/proc/self/exe", "/home/flow/Documents/vsc/oc/lab3"..., 1023) = 37
openat(AT_FDCWD, "/dev/shm/lab3_shm", O_RDWR|O_CREAT|O_NOFOLLOW|O_CLOEXEC, 0600) = 3
ftruncate(3, 4100)                      = 0
mmap(NULL, 4100, PROT_READ|PROT_WRITE, MAP_SHARED, 3, 0) = 0x7feec3be8000
rt_sigprocmask(SIG_BLOCK, ~[], [], 8)   = 0
mmap(NULL, 4096, PROT_READ|PROT_WRITE, MAP_DROPPABLE|MAP_ANONYMOUS, -1, 0) = 0x7feec3be7000
mmap(NULL, 4096, PROT_READ|PROT_WRITE, MAP_PRIVATE|MAP_ANONYMOUS, -1, 0) = 0x7feec3be6000
rt_sigprocmask(SIG_SETMASK, [], NULL, 8) = 0
getrandom("\x6e\x69\x61\x44\x8e\x8c\x68\x86\xf8\x75\x52\xde\x61\x14\xec\xc5\x47\xd2\x1e\x3a\x69\xaf\xf5\x56\xf2\xe1\xdd\x0a\x80\x5e\x06\x68", 32, 0) = 32
newfstatat(AT_FDCWD, "/dev/shm/sem.H5VfAJ", 0x7ffcebdf09a0, AT_SYMLINK_NOFOLLOW) = -1 ENOENT (Нет такого файла или каталога)
openat(AT_FDCWD, "/dev/shm/sem.H5VfAJ", O_RDWR|O_CREAT|O_EXCL|O_NOFOLLOW|O_CLOEXEC, 0600) = 4
write(4, "\0\0\0\0\0\0\0\0\200\0\0\0\0\0\0\0\0\0\0\0\0\0\0\0\0\0\0\0\0\0\0\0", 32) = 32
mmap(NULL, 32, PROT_READ|PROT_WRITE, MAP_SHARED, 4, 0) = 0x7feec3be5000
link("/dev/shm/sem.H5VfAJ", "/dev/shm/sem.lab3_sem_data_ready") = 0
fstat(4, {st_mode=S_IFREG|0600, st_size=32, ...}) = 0
getrandom("\x6b\xab\x65\x55\x34\x6f\x5f\x3f", 8, GRND_NONBLOCK) = 8
brk(NULL)                               = 0x55877eb98000
brk(0x55877ebb9000)                     = 0x55877ebb9000
unlink("/dev/shm/sem.H5VfAJ")           = 0
close(4)                                = 0
newfstatat(AT_FDCWD, "/dev/shm/sem.S104P3", 0x7ffcebdf09a0, AT_SYMLINK_NOFOLLOW) = -1 ENOENT (Нет такого файла или каталога)
openat(AT_FDCWD, "/dev/shm/sem.S104P3", O_RDWR|O_CREAT|O_EXCL|O_NOFOLLOW|O_CLOEXEC, 0600) = 4
write(4, "\1\0\0\0\0\0\0\0\200\0\0\0\0\0\0\0\0\0\0\0\0\0\0\0\0\0\0\0\0\0\0\0", 32) = 32
mmap(NULL, 32, PROT_READ|PROT_WRITE, MAP_SHARED, 4, 0) = 0x7feec3be4000
link("/dev/shm/sem.S104P3", "/dev/shm/sem.lab3_sem_data_free") = 0
fstat(4, {st_mode=S_IFREG|0600, st_size=32, ...}) = 0
unlink("/dev/shm/sem.S104P3")           = 0
close(4)                                = 0
rt_sigprocmask(SIG_BLOCK, ~[], [], 8)   = 0
clone(child_stack=NULL, flags=CLONE_CHILD_CLEARTID|CLONE_CHILD_SETTID|SIGCHLD, child_tidptr=0x7feec39d3a10) = 22671
rt_sigprocmask(SIG_SETMASK, [], NULL, 8) = 0
getpid()                                = 22670
write(1, "22670: I'm a parent, my child ha"..., 44) = 44
read(0, "100 2 2\n", 4095)              = 8
futex(0x7feec3be5000, FUTEX_WAKE, 1)    = 1
read(0, "5 2.5\n", 4095)                = 6
futex(0x7feec3be5000, FUTEX_WAKE, 1)    = 1
read(0, "1 1 1 1\n", 4095)              = 8
futex(0x7feec3be5000, FUTEX_WAKE, 1)    = 1
read(0, "11 3 4 5 6\n", 4095)           = 11
futex(0x7feec3be5000, FUTEX_WAKE, 1)    = 1
read(0, "0 1\n", 4095)                  = 4
futex(0x7feec3be5000, FUTEX_WAKE, 1)    = 1
read(0, "1 0\n", 4095)                  = 4
futex(0x7feec3be5000, FUTEX_WAKE, 1)    = 1
read(0, 0x7ffcebdf0d50, 4095)           = ? ERESTARTSYS (To be restarted if SA_RESTART is set)
--- SIGCHLD {si_signo=SIGCHLD, si_code=CLD_EXITED, si_pid=22671, si_uid=1000, si_status=1, si_utime=0, si_stime=0} ---
read(0, 0x7ffcebdf0d50, 4095)           = ? ERESTARTSYS (To be restarted if SA_RESTART is set)
--- SIGINT {si_signo=SIGINT, si_code=SI_KERNEL} ---
+++ killed by SIGINT +++
